-------------------------------------------------------------------------------
Test set: demoblaze.SignupTest
-------------------------------------------------------------------------------
Tests run: 1, Failures: 0, Errors: 1, Skipped: 0, Time elapsed: 0.002 s <<< FAILURE! - in demoblaze.SignupTest
testSignup  Time elapsed: 0.002 s  <<< ERROR!
java.lang.RuntimeException: not found: demoblaze/signup.feature

