-------------------------------------------------------------------------------
Test set: demoblaze.LoginTest
-------------------------------------------------------------------------------
Tests run: 1, Failures: 0, Errors: 1, Skipped: 0, Time elapsed: 0.548 s <<< FAILURE! - in demoblaze.LoginTest
testLogin  Time elapsed: 0.547 s  <<< ERROR!
java.lang.RuntimeException: not found: demoblaze/login.feature

