<?xml version="1.0" encoding="UTF-8"?>
<testsuite xmlns:xsi="http://www.w3.org/2001/XMLSchema-instance" xsi:noNamespaceSchemaLocation="https://maven.apache.org/surefire/maven-surefire-plugin/xsd/surefire-test-report.xsd" name="demoblaze.LoginTest" time="0.548" tests="1" errors="1" skipped="0" failures="0">
  <properties>
[...]
</properties>
  <testcase name="testLogin" classname="demoblaze.LoginTest" time="0.547">
    <error message="not found: demoblaze/login.feature" type="java.lang.RuntimeException">java.lang.RuntimeException: not found: demoblaze/login.feature
</error>
  </testcase>
</testsuite>